<?xml version="1.0" encoding="UTF-8"?>
<!-- Generated by org.testng.reporters.JUnitXMLReporter -->
<testsuite hostname="DESKTOP-12HBTFV" ignored="10" name="Default test" tests="1" failures="0" timestamp="26 Mar 2017 22:11:50 GMT" time="12.4" errors="0">
  <testcase name="testCreateRndmAccount" time="5.945" classname="com.myPractice.demo.regression.createAccountTests.CreateAccountTests"/>
  <testcase name="testValidUserNamePasswd" time="0.0" classname="com.myPractice.demo.regression.createAccountTests.CreateAccountTests">
    <ignored/>
  </testcase> <!-- testValidUserNamePasswd -->
  <testcase name="testAccessCreateAccountPg" time="0.0" classname="com.myPractice.demo.regression.createAccountTests.CreateAccountTests">
    <ignored/>
  </testcase> <!-- testAccessCreateAccountPg -->
  <testcase name="testNoLastNameCA" time="0.0" classname="com.myPractice.demo.regression.createAccountTests.CreateAccountTests">
    <ignored/>
  </testcase> <!-- testNoLastNameCA -->
  <testcase name="testNoGenderNameCA" time="0.0" classname="com.myPractice.demo.regression.createAccountTests.CreateAccountTests">
    <ignored/>
  </testcase> <!-- testNoGenderNameCA -->
  <testcase name="testNoEmailNameCA" time="0.0" classname="com.myPractice.demo.regression.createAccountTests.CreateAccountTests">
    <ignored/>
  </testcase> <!-- testNoEmailNameCA -->
  <testcase name="testNoPlayerTypeNameCA" time="0.0" classname="com.myPractice.demo.regression.createAccountTests.CreateAccountTests">
    <ignored/>
  </testcase> <!-- testNoPlayerTypeNameCA -->
  <testcase name="testCreateAccount" time="0.0" classname="com.myPractice.demo.regression.createAccountTests.CreateAccountTests">
    <ignored/>
  </testcase> <!-- testCreateAccount -->
  <testcase name="testDataProviderInvalidUsrNmPassWd" time="0.0" classname="com.myPractice.demo.regression.createAccountTests.CreateAccountTests">
    <ignored/>
  </testcase> <!-- testDataProviderInvalidUsrNmPassWd -->
  <testcase name="testParamInvalidUsrNmPassWd" time="0.0" classname="com.myPractice.demo.regression.createAccountTests.CreateAccountTests">
    <ignored/>
  </testcase> <!-- testParamInvalidUsrNmPassWd -->
  <testcase name="testNoFirstNameCA" time="0.0" classname="com.myPractice.demo.regression.createAccountTests.CreateAccountTests">
    <ignored/>
  </testcase> <!-- testNoFirstNameCA -->
</testsuite> <!-- Default test -->
