<?xml version="1.0" encoding="UTF-8"?>
<!-- Generated by org.testng.reporters.JUnitXMLReporter -->
<testsuite hostname="DESKTOP-12HBTFV" ignored="0" name="Test" tests="5" failures="0" timestamp="12 Mar 2017 22:07:25 GMT" time="11.498" errors="0">
  <testcase name="test01" time="1.539" classname="com.tanmaysarkar.demo.regression.MyTest"/>
  <testcase name="testBlankPassword" time="0.058" classname="com.tanmaysarkar.demo.regression.MyTest"/>
  <testcase name="testBlankUserName" time="2.313" classname="com.tanmaysarkar.demo.regression.MyTest"/>
  <testcase name="testInvalidPassword" time="1.802" classname="com.tanmaysarkar.demo.regression.MyTest"/>
  <testcase name="testInvalidUsrNmPassWd" time="1.492" classname="com.tanmaysarkar.demo.regression.MyTest"/>
</testsuite> <!-- Test -->
