<?xml version="1.0" encoding="UTF-8"?>
<!-- Generated by org.testng.reporters.JUnitXMLReporter -->
<testsuite hostname="DESKTOP-12HBTFV" ignored="0" name="Test" tests="8" failures="0" timestamp="16 Mar 2017 18:31:27 GMT" time="81.096" errors="0">
  <testcase name="test01" time="0.82" classname="com.myPractice.demo.regression.MyTest"/>
  <testcase name="testAccessAboutPg" time="2.279" classname="com.myPractice.demo.regression.MyTest"/>
  <testcase name="testAccessCreateAccountPg" time="1.854" classname="com.myPractice.demo.regression.MyTest"/>
  <testcase name="testAccessForgotPasswordPg" time="0.521" classname="com.myPractice.demo.regression.MyTest"/>
  <testcase name="testBlankPassword" time="0.039" classname="com.myPractice.demo.regression.MyTest"/>
  <testcase name="testBlankUserName" time="0.695" classname="com.myPractice.demo.regression.MyTest"/>
  <testcase name="testInvalidPassword" time="0.729" classname="com.myPractice.demo.regression.MyTest"/>
  <testcase name="testInvalidUsrNmPassWd" time="0.764" classname="com.myPractice.demo.regression.MyTest"/>
</testsuite> <!-- Test -->
