<?xml version="1.0" encoding="UTF-8"?>
<testng-results skipped="0" failed="0" ignored="0" total="5" passed="5">
  <reporter-output>
  </reporter-output>
  <suite name="Suite" duration-ms="30344" started-at="2017-03-14T21:18:33Z" finished-at="2017-03-14T21:19:04Z">
    <groups>
    </groups>
    <test name="Test" duration-ms="30344" started-at="2017-03-14T21:18:33Z" finished-at="2017-03-14T21:19:04Z">
      <class name="com.myPractice.demo.regression.MyTest">
        <test-method status="PASS" signature="suiteSetUp()[pri:0, instance:com.myPractice.demo.regression.MyTest@511baa65]" name="suiteSetUp" is-config="true" duration-ms="16" started-at="2017-03-14T17:18:33Z" finished-at="2017-03-14T17:18:33Z">
          <reporter-output>
          </reporter-output>
        </test-method> <!-- suiteSetUp -->
        <test-method status="PASS" signature="setUp()[pri:0, instance:com.myPractice.demo.regression.MyTest@511baa65]" name="setUp" is-config="true" duration-ms="5499" started-at="2017-03-14T17:18:33Z" finished-at="2017-03-14T17:18:39Z">
          <reporter-output>
          </reporter-output>
        </test-method> <!-- setUp -->
        <test-method status="PASS" signature="test01()[pri:0, instance:com.myPractice.demo.regression.MyTest@511baa65]" name="test01" duration-ms="792" started-at="2017-03-14T17:18:39Z" finished-at="2017-03-14T17:18:40Z">
          <reporter-output>
          </reporter-output>
        </test-method> <!-- test01 -->
        <test-method status="PASS" signature="cleanUp()[pri:0, instance:com.myPractice.demo.regression.MyTest@511baa65]" name="cleanUp" is-config="true" duration-ms="985" started-at="2017-03-14T17:18:40Z" finished-at="2017-03-14T17:18:41Z">
          <reporter-output>
          </reporter-output>
        </test-method> <!-- cleanUp -->
        <test-method status="PASS" signature="setUp()[pri:0, instance:com.myPractice.demo.regression.MyTest@511baa65]" name="setUp" is-config="true" duration-ms="4411" started-at="2017-03-14T17:18:41Z" finished-at="2017-03-14T17:18:45Z">
          <reporter-output>
          </reporter-output>
        </test-method> <!-- setUp -->
        <test-method status="PASS" signature="testBlankPassword()[pri:0, instance:com.myPractice.demo.regression.MyTest@511baa65]" name="testBlankPassword" duration-ms="43" started-at="2017-03-14T17:18:45Z" finished-at="2017-03-14T17:18:45Z">
          <reporter-output>
          </reporter-output>
        </test-method> <!-- testBlankPassword -->
        <test-method status="PASS" signature="cleanUp()[pri:0, instance:com.myPractice.demo.regression.MyTest@511baa65]" name="cleanUp" is-config="true" duration-ms="847" started-at="2017-03-14T17:18:45Z" finished-at="2017-03-14T17:18:46Z">
          <reporter-output>
          </reporter-output>
        </test-method> <!-- cleanUp -->
        <test-method status="PASS" signature="setUp()[pri:0, instance:com.myPractice.demo.regression.MyTest@511baa65]" name="setUp" is-config="true" duration-ms="4235" started-at="2017-03-14T17:18:46Z" finished-at="2017-03-14T17:18:50Z">
          <reporter-output>
          </reporter-output>
        </test-method> <!-- setUp -->
        <test-method status="PASS" signature="testBlankUserName()[pri:0, instance:com.myPractice.demo.regression.MyTest@511baa65]" name="testBlankUserName" duration-ms="711" started-at="2017-03-14T17:18:50Z" finished-at="2017-03-14T17:18:51Z">
          <reporter-output>
          </reporter-output>
        </test-method> <!-- testBlankUserName -->
        <test-method status="PASS" signature="cleanUp()[pri:0, instance:com.myPractice.demo.regression.MyTest@511baa65]" name="cleanUp" is-config="true" duration-ms="882" started-at="2017-03-14T17:18:51Z" finished-at="2017-03-14T17:18:52Z">
          <reporter-output>
          </reporter-output>
        </test-method> <!-- cleanUp -->
        <test-method status="PASS" signature="setUp()[pri:0, instance:com.myPractice.demo.regression.MyTest@511baa65]" name="setUp" is-config="true" duration-ms="4256" started-at="2017-03-14T17:18:52Z" finished-at="2017-03-14T17:18:56Z">
          <reporter-output>
          </reporter-output>
        </test-method> <!-- setUp -->
        <test-method status="PASS" signature="testInvalidPassword()[pri:0, instance:com.myPractice.demo.regression.MyTest@511baa65]" name="testInvalidPassword" duration-ms="688" started-at="2017-03-14T17:18:56Z" finished-at="2017-03-14T17:18:57Z">
          <reporter-output>
          </reporter-output>
        </test-method> <!-- testInvalidPassword -->
        <test-method status="PASS" signature="cleanUp()[pri:0, instance:com.myPractice.demo.regression.MyTest@511baa65]" name="cleanUp" is-config="true" duration-ms="917" started-at="2017-03-14T17:18:57Z" finished-at="2017-03-14T17:18:58Z">
          <reporter-output>
          </reporter-output>
        </test-method> <!-- cleanUp -->
        <test-method status="PASS" signature="setUp()[pri:0, instance:com.myPractice.demo.regression.MyTest@511baa65]" name="setUp" is-config="true" duration-ms="4450" started-at="2017-03-14T17:18:58Z" finished-at="2017-03-14T17:19:02Z">
          <reporter-output>
          </reporter-output>
        </test-method> <!-- setUp -->
        <test-method status="PASS" signature="testInvalidUsrNmPassWd()[pri:0, instance:com.myPractice.demo.regression.MyTest@511baa65]" name="testInvalidUsrNmPassWd" duration-ms="745" started-at="2017-03-14T17:19:02Z" finished-at="2017-03-14T17:19:03Z">
          <reporter-output>
          </reporter-output>
        </test-method> <!-- testInvalidUsrNmPassWd -->
        <test-method status="PASS" signature="cleanUp()[pri:0, instance:com.myPractice.demo.regression.MyTest@511baa65]" name="cleanUp" is-config="true" duration-ms="865" started-at="2017-03-14T17:19:03Z" finished-at="2017-03-14T17:19:04Z">
          <reporter-output>
          </reporter-output>
        </test-method> <!-- cleanUp -->
        <test-method status="PASS" signature="suiteCleanUp()[pri:0, instance:com.myPractice.demo.regression.MyTest@511baa65]" name="suiteCleanUp" is-config="true" duration-ms="0" started-at="2017-03-14T17:19:04Z" finished-at="2017-03-14T17:19:04Z">
          <reporter-output>
          </reporter-output>
        </test-method> <!-- suiteCleanUp -->
      </class> <!-- com.myPractice.demo.regression.MyTest -->
    </test> <!-- Test -->
  </suite> <!-- Suite -->
</testng-results>
