<?xml version="1.0" encoding="UTF-8"?>
<!-- Generated by org.testng.reporters.JUnitXMLReporter -->
<testsuite hostname="DESKTOP-12HBTFV" ignored="0" name="testParamInvalidUsrNmPassWd" tests="9" failures="0" timestamp="18 Mar 2017 22:37:56 GMT" time="68.143" errors="0">
  <testcase name="test01" time="1.313" classname="com.myPractice.demo.regression.MyTest"/>
  <testcase name="testAccessAboutPg" time="1.038" classname="com.myPractice.demo.regression.MyTest"/>
  <testcase name="testAccessCreateAccountPg" time="1.096" classname="com.myPractice.demo.regression.MyTest"/>
  <testcase name="testAccessForgotPasswordPg" time="0.597" classname="com.myPractice.demo.regression.MyTest"/>
  <testcase name="testBlankPassword" time="0.052" classname="com.myPractice.demo.regression.MyTest"/>
  <testcase name="testBlankUserName" time="0.772" classname="com.myPractice.demo.regression.MyTest"/>
  <testcase name="testInvalidPassword" time="0.974" classname="com.myPractice.demo.regression.MyTest"/>
  <testcase name="testInvalidUsrNmPassWd" time="0.885" classname="com.myPractice.demo.regression.MyTest"/>
  <testcase name="testParamInvalidUsrNmPassWd" time="0.934" classname="com.myPractice.demo.regression.MyTest"/>
</testsuite> <!-- testParamInvalidUsrNmPassWd -->
